{"num_tests": 47, "failed_tests": [{"test_name": "test-acronyms[1,3,5-7]", "build_succeeded": false, "build_timed_out": true, "exception": false, "proc": {"returncode": 1, "stdout": ["Building tests/test-acronyms[1,3,5-7].tex...", "( \\", "  cd tests && \\", "  (pdflatex -shell-escape -jobname=output -output-directory=../.build/test-acronyms[1,3,5-7] -interaction=batchmode test-acronyms[1,3,5-7].tex 2>&1) >/dev/null && \\", "  (if grep -q \"\\\\makeglossaries\" test-acronyms[1,3,5-7].tex; then cd ../.build/test-acronyms[1,3,5-7] && makeglossaries -q output && cd - >/dev/null; fi) && \\", "  (latexmk -pdf -bibtex -latexoption=-shell-escape -jobname=output -output-directory=../.build/test-acronyms[1,3,5-7] -interaction=batchmode test-acronyms[1,3,5-7].tex 2>&1) >/dev/null \\", ")"], "stderr": []}, "log_file": ".build/test-acronyms[1,3,5-7]/output.log"}, {"test_name": "test-baseline", "build_succeeded": false, "build_timed_out": false, "exception": false, "proc": {"returncode": 2, "stdout": ["Building tests/test-baseline.tex...", "( \\", "  cd tests && \\", "  (pdflatex -shell-escape -jobname=output -output-directory=../.build/test-baseline -interaction=batchmode test-baseline.tex 2>&1) >/dev/null && \\", "  (if grep -q \"\\\\makeglossaries\" test-baseline.tex; then cd ../.build/test-baseline && makeglossaries -q output && cd - >/dev/null; fi) && \\", "  (latexmk -pdf -bibtex -latexoption=-shell-escape -jobname=output -output-directory=../.build/test-baseline -interaction=batchmode test-baseline.tex 2>&1) >/dev/null \\", ")"], "stderr": ["make[1]: *** [Makefile:48: _file] Error 1"]}, "log_file": ".build/test-baseline/output.log"}, {"test_name": "test-chapter_headings[1,3,5]", "build_succeeded": false, "build_timed_out": false, "exception": false, "proc": {"returncode": 2, "stdout": ["Building tests/test-chapter_headings[1,3,5].tex...", "( \\", "  cd tests && \\", "  (pdflatex -shell-escape -jobname=output -output-directory=../.build/test-chapter_headings[1,3,5] -interaction=batchmode test-chapter_headings[1,3,5].tex 2>&1) >/dev/null && \\", "  (if grep -q \"\\\\makeglossaries\" test-chapter_headings[1,3,5].tex; then cd ../.build/test-chapter_headings[1,3,5] && makeglossaries -q output && cd - >/dev/null; fi) && \\", "  (latexmk -pdf -bibtex -latexoption=-shell-escape -jobname=output -output-directory=../.build/test-chapter_headings[1,3,5] -interaction=batchmode test-chapter_headings[1,3,5].tex 2>&1) >/dev/null \\", ")"], "stderr": ["make[1]: *** [Makefile:48: _file] Error 1"]}, "log_file": ".build/test-chapter_headings[1,3,5]/output.log"}, {"test_name": "test-custom-listings", "build_succeeded": false, "build_timed_out": true, "exception": false, "proc": {"returncode": 1, "stdout": ["Building tests/test-custom-listings.tex...", "( \\", "  cd tests && \\", "  (pdflatex -shell-escape -jobname=output -output-directory=../.build/test-custom-listings -interaction=batchmode test-custom-listings.tex 2>&1) >/dev/null && \\", "  (if grep -q \"\\\\makeglossaries\" test-custom-listings.tex; then cd ../.build/test-custom-listings && makeglossaries -q output && cd - >/dev/null; fi) && \\", "  (latexmk -pdf -bibtex -latexoption=-shell-escape -jobname=output -output-directory=../.build/test-custom-listings -interaction=batchmode test-custom-listings.tex 2>&1) >/dev/null \\", ")"], "stderr": []}, "log_file": ".build/test-custom-listings/output.log"}]}