{"num_tests": 48, "failed_tests": [{"test_name": "test-acronyms[1,3,5-7]", "build_succeeded": true, "build_timed_out": false, "exception": true, "exc_info": {"type": "<class 'AssertionError'>", "value": "6 (from 'test-acronyms[1,3,5-7].pdf' -> [1, 3, 5, 6, 7]) not <= 5", "traceback": ["  File \"C:\\projects\\uit-thesis\\ult-base\\test-scripts\\regtest.py\", line 367, in run_test_async", "    _, failed_pages = await test_pdf_pair_async(", "                      ^^^^^^^^^^^^^^^^^^^^^^^^^^", "", "  File \"C:\\projects\\uit-thesis\\ult-base\\test-scripts\\regtest.py\", line 232, in test_pdf_pair_async", "    test_page_list = determine_list_of_pages_to_test(test_pdf_obj)", "                     ^^^^^^^^^^^^^^^^^^^^^^^^^^^^^^^^^^^^^^^^^^^^^", "", "  File \"C:\\projects\\uit-thesis\\ult-base\\test-scripts\\regtest.py\", line 218, in determine_list_of_pages_to_test", "    assert page_num <= num_pages, f\"{page_num} (from '{basename}' -> {page_list}) not <= {num_pages}\"", ""]}}, {"test_name": "test-chapter_headings[1,3,5]", "build_succeeded": false, "build_timed_out": false, "exception": false, "proc": {"returncode": 2, "stdout": ["Building tests/test-chapter_headings[1,3,5].tex...", "( \\", "  cd tests && \\", "  (pdflatex -shell-escape -jobname=output -output-directory=../.build/test-chapter_headings[1,3,5] -interaction=batchmode test-chapter_headings[1,3,5].tex 2>&1) >/dev/null && \\", "  (if grep -q \"\\\\makeglossaries\" test-chapter_headings[1,3,5].tex; then cd ../.build/test-chapter_headings[1,3,5] && makeglossaries -q output && cd - >/dev/null; fi) && \\", "  (latexmk -pdf -bibtex -latexoption=-shell-escape -jobname=output -output-directory=../.build/test-chapter_headings[1,3,5] -interaction=batchmode test-chapter_headings[1,3,5].tex 2>&1) >/dev/null \\", ")"], "stderr": ["make[1]: *** [Makefile:64: _file] Error 12"]}, "log_file": ".build/test-chapter_headings[1,3,5]/output.log"}, {"test_name": "test-list_of_alg[1,3,5,7]", "build_succeeded": true, "build_timed_out": false, "exception": false, "failed_pages": [1, 3]}, {"test_name": "test-loa-ult-list[1-3]", "build_succeeded": true, "build_timed_out": false, "exception": false, "failed_pages": [1, 2, 3]}, {"test_name": "test-loa-ult-long[1-3]", "build_succeeded": true, "build_timed_out": false, "exception": false, "failed_pages": [1, 2, 3]}, {"test_name": "test_toc_chapter_first[1]", "build_succeeded": true, "build_timed_out": false, "exception": false, "failed_pages": [1]}, {"test_name": "test_toc_lof_first[1]", "build_succeeded": true, "build_timed_out": false, "exception": false, "failed_pages": [1]}, {"test_name": "test_toc_part_first[1]", "build_succeeded": true, "build_timed_out": false, "exception": false, "failed_pages": [1]}]}